<?xml version="1.0" encoding="UTF-8"?>
<testng-results ignored="0" total="1" passed="1" failed="0" skipped="0">
  <reporter-output>
    <line>
      <![CDATA[hello world]]>
    </line>
  </reporter-output>
  <suite started-at="2023-12-17T13:28:41 IST" name="Suite" finished-at="2023-12-17T13:28:41 IST" duration-ms="70">
    <groups>
    </groups>
    <test started-at="2023-12-17T13:28:41 IST" name="Test" finished-at="2023-12-17T13:28:41 IST" duration-ms="70">
      <class name="jenkins.Demo">
        <test-method signature="demo1()[pri:0, instance:jenkins.Demo@38c6f217]" started-at="2023-12-17T13:28:41 IST" name="demo1" finished-at="2023-12-17T13:28:41 IST" duration-ms="13" status="PASS">
          <reporter-output>
            <line>
              <![CDATA[hello world]]>
            </line>
          </reporter-output>
        </test-method> <!-- demo1 -->
      </class> <!-- jenkins.Demo -->
    </test> <!-- Test -->
  </suite> <!-- Suite -->
</testng-results>
